<?xml version="1.0" encoding="UTF-8"?>
<!-- Generated by org.testng.reporters.JUnitReportReporter -->
<testsuite name="Maven_One.MavProject.Testng_Firstprogram" tests="1" time="0.031" ignored="0" failures="0" timestamp="24 Mar 2023 07:20:17 GMT" skipped="0" hostname="DESKTOP-662NI4B" errors="0">
  <testcase name="testOne" time="0.031" classname="Maven_One.MavProject.Testng_Firstprogram"/>
</testsuite> <!-- Maven_One.MavProject.Testng_Firstprogram -->
